The system is: Windows - 10.0.18362 - AMD64
Compiling the C compiler identification source file "CMakeCCompilerId.c" succeeded.
Compiler: C:/Program Files (x86)/Microsoft Visual Studio/2019/Community/VC/Tools/MSVC/14.23.28105/bin/HostX64/x64/cl.exe 
Build flags: 
Id flags:  

The output was:
0
Microsoft (R) C/C++ Optimizing Compiler Version 19.23.28105.4 for x64
Copyright (C) Microsoft Corporation.  All rights reserved.

CMakeCCompilerId.c
Microsoft (R) Incremental Linker Version 14.23.28105.4
Copyright (C) Microsoft Corporation.  All rights reserved.

/out:CMakeCCompilerId.exe 
CMakeCCompilerId.obj 


Compilation of the C compiler identification source "CMakeCCompilerId.c" produced "CMakeCCompilerId.exe"

Compilation of the C compiler identification source "CMakeCCompilerId.c" produced "CMakeCCompilerId.obj"

The C compiler identification is MSVC, found in "C:/Users/diana.diaz/Source/Repos/IGME309-Fall2019/include/glm/out/build/x64-Debug/CMakeFiles/3.15.19080502-MSVC_2/CompilerIdC/CMakeCCompilerId.exe"

Compiling the CXX compiler identification source file "CMakeCXXCompilerId.cpp" succeeded.
Compiler: C:/Program Files (x86)/Microsoft Visual Studio/2019/Community/VC/Tools/MSVC/14.23.28105/bin/HostX64/x64/cl.exe 
Build flags: 
Id flags:  

The output was:
0
Microsoft (R) C/C++ Optimizing Compiler Version 19.23.28105.4 for x64
Copyright (C) Microsoft Corporation.  All rights reserved.

CMakeCXXCompilerId.cpp
Microsoft (R) Incremental Linker Version 14.23.28105.4
Copyright (C) Microsoft Corporation.  All rights reserved.

/out:CMakeCXXCompilerId.exe 
CMakeCXXCompilerId.obj 


Compilation of the CXX compiler identification source "CMakeCXXCompilerId.cpp" produced "CMakeCXXCompilerId.exe"

Compilation of the CXX compiler identification source "CMakeCXXCompilerId.cpp" produced "CMakeCXXCompilerId.obj"

The CXX compiler identification is MSVC, found in "C:/Users/diana.diaz/Source/Repos/IGME309-Fall2019/include/glm/out/build/x64-Debug/CMakeFiles/3.15.19080502-MSVC_2/CompilerIdCXX/CMakeCXXCompilerId.exe"

Determining if the C compiler works passed with the following output:
Change Dir: C:/Users/diana.diaz/Source/Repos/IGME309-Fall2019/include/glm/out/build/x64-Debug/CMakeFiles/CMakeTmp

Run Build Command(s):C:/Program Files (x86)/Microsoft Visual Studio/2019/Community/Common7/IDE/CommonExtensions/Microsoft/CMake/Ninja/ninja.exe cmTC_02859 && [1/2] Building C object CMakeFiles\cmTC_02859.dir\testCCompiler.c.obj
[2/2] Linking C executable cmTC_02859.exe



Detecting C compiler ABI info compiled with the following output:
Change Dir: C:/Users/diana.diaz/Source/Repos/IGME309-Fall2019/include/glm/out/build/x64-Debug/CMakeFiles/CMakeTmp

Run Build Command(s):C:/Program Files (x86)/Microsoft Visual Studio/2019/Community/Common7/IDE/CommonExtensions/Microsoft/CMake/Ninja/ninja.exe cmTC_1ef0d && [1/2] Building C object CMakeFiles\cmTC_1ef0d.dir\CMakeCCompilerABI.c.obj
[2/2] Linking C executable cmTC_1ef0d.exe



Determining if the CXX compiler works passed with the following output:
Change Dir: C:/Users/diana.diaz/Source/Repos/IGME309-Fall2019/include/glm/out/build/x64-Debug/CMakeFiles/CMakeTmp

Run Build Command(s):C:/Program Files (x86)/Microsoft Visual Studio/2019/Community/Common7/IDE/CommonExtensions/Microsoft/CMake/Ninja/ninja.exe cmTC_b5827 && [1/2] Building CXX object CMakeFiles\cmTC_b5827.dir\testCXXCompiler.cxx.obj
[2/2] Linking CXX executable cmTC_b5827.exe



Detecting CXX compiler ABI info compiled with the following output:
Change Dir: C:/Users/diana.diaz/Source/Repos/IGME309-Fall2019/include/glm/out/build/x64-Debug/CMakeFiles/CMakeTmp

Run Build Command(s):C:/Program Files (x86)/Microsoft Visual Studio/2019/Community/Common7/IDE/CommonExtensions/Microsoft/CMake/Ninja/ninja.exe cmTC_19cda && [1/2] Building CXX object CMakeFiles\cmTC_19cda.dir\CMakeCXXCompilerABI.cpp.obj
[2/2] Linking CXX executable cmTC_19cda.exe



